<?xml version="1.0" encoding="UTF-8"?>
<robot generator="Robot 3.2.2 (Python 3.9.0 on win32)" generated="20201013 22:36:52.715" rpa="false">
<suite id="s1" name="Tests" source="C:\developpement\amazon-project\tests">
<suite id="s1-s1" name="Main" source="C:\developpement\amazon-project\tests\main.robot">
<test id="s1-s1-t1" name="Cherche Un Produit">
<kw name="Commencer Test" library="common" type="setup">
<kw name="Open Browser" library="SeleniumLibrary">
<doc>Opens a new browser instance to the optional ``url``.</doc>
<arguments>
<arg>https://www.amazon.com/</arg>
<arg>chrome</arg>
</arguments>
<msg timestamp="20201013 22:36:53.226" level="INFO">Opening browser 'chrome' to base url 'https://www.amazon.com/'.</msg>
<status status="PASS" starttime="20201013 22:36:53.226" endtime="20201013 22:37:02.302"></status>
</kw>
<status status="PASS" starttime="20201013 22:36:53.225" endtime="20201013 22:37:02.302"></status>
</kw>
<kw name="Charger La Page Accueil" library="amazonApp">
<kw name="Wait Until Page Contains" library="SeleniumLibrary">
<doc>Waits until ``text`` appears on the current page.</doc>
<arguments>
<arg>Amazon's response to COVID-19</arg>
</arguments>
<status status="PASS" starttime="20201013 22:37:02.303" endtime="20201013 22:37:02.344"></status>
</kw>
<status status="PASS" starttime="20201013 22:37:02.302" endtime="20201013 22:37:02.345"></status>
</kw>
<kw name="Saisir Produit Et chercher" library="amazonApp">
<kw name="Input Text" library="SeleniumLibrary">
<doc>Types the given ``text`` into the text field identified by ``locator``.</doc>
<arguments>
<arg>id=twotabsearchtextbox</arg>
<arg>benz</arg>
</arguments>
<msg timestamp="20201013 22:37:02.348" level="INFO">Typing text 'benz' into text field 'id=twotabsearchtextbox'.</msg>
<status status="PASS" starttime="20201013 22:37:02.347" endtime="20201013 22:37:02.708"></status>
</kw>
<kw name="Click Button" library="SeleniumLibrary">
<doc>Clicks the button identified by ``locator``.</doc>
<arguments>
<arg>xpath=//*[@id="nav-search-submit-text"]/input</arg>
</arguments>
<msg timestamp="20201013 22:37:02.708" level="INFO">Clicking button 'xpath=//*[@id="nav-search-submit-text"]/input'.</msg>
<status status="PASS" starttime="20201013 22:37:02.708" endtime="20201013 22:37:06.027"></status>
</kw>
<status status="PASS" starttime="20201013 22:37:02.346" endtime="20201013 22:37:06.027"></status>
</kw>
<kw name="Charger La Page Accueil" library="amazonApp">
<kw name="Wait Until Page Contains" library="SeleniumLibrary">
<doc>Waits until ``text`` appears on the current page.</doc>
<arguments>
<arg>Amazon's response to COVID-19</arg>
</arguments>
<status status="PASS" starttime="20201013 22:37:06.027" endtime="20201013 22:37:06.138"></status>
</kw>
<status status="PASS" starttime="20201013 22:37:06.027" endtime="20201013 22:37:06.138"></status>
</kw>
<kw name="Terminer Test" library="common" type="teardown">
<kw name="Close Browser" library="SeleniumLibrary">
<doc>Closes the current browser.</doc>
<status status="PASS" starttime="20201013 22:37:06.138" endtime="20201013 22:37:09.889"></status>
</kw>
<status status="PASS" starttime="20201013 22:37:06.138" endtime="20201013 22:37:09.889"></status>
</kw>
<status status="PASS" starttime="20201013 22:36:53.224" endtime="20201013 22:37:09.892" critical="yes"></status>
</test>
<status status="PASS" starttime="20201013 22:36:52.754" endtime="20201013 22:37:09.902"></status>
</suite>
<status status="PASS" starttime="20201013 22:36:52.717" endtime="20201013 22:37:09.921"></status>
</suite>
<statistics>
<total>
<stat pass="1" fail="0">Critical Tests</stat>
<stat pass="1" fail="0">All Tests</stat>
</total>
<tag>
</tag>
<suite>
<stat pass="1" fail="0" id="s1" name="Tests">Tests</stat>
<stat pass="1" fail="0" id="s1-s1" name="Main">Tests.Main</stat>
</suite>
</statistics>
<errors>
</errors>
</robot>
