<?xml version="1.0" encoding="UTF-8"?>
<robot generator="Robot 3.2.2 (Python 3.9.0 on win32)" generated="20201014 23:59:38.510" rpa="false">
<suite id="s1" name="Tests" source="C:\developpement\amazon-project\tests">
<suite id="s1-s1" name="Main" source="C:\developpement\amazon-project\tests\main.robot">
<test id="s1-s1-t1" name="Ajouter Un Produit Au Panier">
<kw name="Commencer Test" library="common" type="setup">
<kw name="Open Browser" library="SeleniumLibrary">
<doc>Opens a new browser instance to the optional ``url``.</doc>
<arguments>
<arg>https://www.amazon.com/</arg>
<arg>chrome</arg>
</arguments>
<msg timestamp="20201014 23:59:38.806" level="INFO">Opening browser 'chrome' to base url 'https://www.amazon.com/'.</msg>
<status status="PASS" starttime="20201014 23:59:38.806" endtime="20201014 23:59:45.025"></status>
</kw>
<kw name="Maximize Browser Window" library="SeleniumLibrary">
<doc>Maximizes current browser window.</doc>
<status status="PASS" starttime="20201014 23:59:45.025" endtime="20201014 23:59:47.251"></status>
</kw>
<status status="PASS" starttime="20201014 23:59:38.805" endtime="20201014 23:59:47.252"></status>
</kw>
<kw name="Charger La Page Accueil" library="amazonApp">
<kw name="Wait Until Page Contains" library="SeleniumLibrary">
<doc>Waits until ``text`` appears on the current page.</doc>
<arguments>
<arg>Amazon's response to COVID-19</arg>
</arguments>
<status status="PASS" starttime="20201014 23:59:47.253" endtime="20201014 23:59:47.311"></status>
</kw>
<status status="PASS" starttime="20201014 23:59:47.252" endtime="20201014 23:59:47.311"></status>
</kw>
<kw name="Saisir Produit Et chercher" library="amazonApp">
<kw name="Input Text" library="SeleniumLibrary">
<doc>Types the given ``text`` into the text field identified by ``locator``.</doc>
<arguments>
<arg>id=twotabsearchtextbox</arg>
<arg>power bank</arg>
</arguments>
<msg timestamp="20201014 23:59:47.313" level="INFO">Typing text 'power bank' into text field 'id=twotabsearchtextbox'.</msg>
<status status="PASS" starttime="20201014 23:59:47.313" endtime="20201014 23:59:47.552"></status>
</kw>
<kw name="Click Button" library="SeleniumLibrary">
<doc>Clicks the button identified by ``locator``.</doc>
<arguments>
<arg>xpath=//*[@id="nav-search-submit-text"]/input</arg>
</arguments>
<msg timestamp="20201014 23:59:47.553" level="INFO">Clicking button 'xpath=//*[@id="nav-search-submit-text"]/input'.</msg>
<status status="PASS" starttime="20201014 23:59:47.552" endtime="20201014 23:59:50.696"></status>
</kw>
<status status="PASS" starttime="20201014 23:59:47.312" endtime="20201014 23:59:50.696"></status>
</kw>
<kw name="Charger La Page Des Produits" library="amazonApp">
<kw name="Wait Until Page Contains" library="SeleniumLibrary">
<doc>Waits until ``text`` appears on the current page.</doc>
<arguments>
<arg>results for "power bank"</arg>
</arguments>
<status status="PASS" starttime="20201014 23:59:50.697" endtime="20201014 23:59:50.828"></status>
</kw>
<status status="PASS" starttime="20201014 23:59:50.697" endtime="20201014 23:59:50.829"></status>
</kw>
<kw name="Choisir Le produit" library="amazonApp">
<kw name="Click Link" library="SeleniumLibrary">
<doc>Clicks a link identified by ``locator``.</doc>
<arguments>
<arg>css=#search &gt; div.s-desktop-width-max.s-desktop-content.sg-row &gt; div.sg-col-20-of-24.sg-col-28-of-32.sg-col-16-of-20.sg-col.sg-col-32-of-36.sg-col-8-of-12.sg-col-12-of-16.sg-col-24-of-28 &gt; div &gt; span:nth-child(4) &gt; div.s-main-slot.s-result-list.s-search-results.sg-row &gt; div:nth-child(5) &gt; div &gt; span &gt; div &gt; div &gt; div:nth-child(2) &gt; div.sg-col-4-of-12.sg-col-8-of-16.sg-col-16-of-24.sg-col-12-of-20.sg-col-24-of-32.sg-col.sg-col-28-of-36.sg-col-20-of-28 &gt; div &gt; div:nth-child(1) &gt; div &gt; div &gt; div:nth-child(1) &gt; h2 &gt; a</arg>
</arguments>
<msg timestamp="20201014 23:59:50.831" level="INFO">Clicking link 'css=#search &gt; div.s-desktop-width-max.s-desktop-content.sg-row &gt; div.sg-col-20-of-24.sg-col-28-of-32.sg-col-16-of-20.sg-col.sg-col-32-of-36.sg-col-8-of-12.sg-col-12-of-16.sg-col-24-of-28 &gt; div &gt; span:nth-child(4) &gt; div.s-main-slot.s-result-list.s-search-results.sg-row &gt; div:nth-child(5) &gt; div &gt; span &gt; div &gt; div &gt; div:nth-child(2) &gt; div.sg-col-4-of-12.sg-col-8-of-16.sg-col-16-of-24.sg-col-12-of-20.sg-col-24-of-32.sg-col.sg-col-28-of-36.sg-col-20-of-28 &gt; div &gt; div:nth-child(1) &gt; div &gt; div &gt; div:nth-child(1) &gt; h2 &gt; a'.</msg>
<status status="PASS" starttime="20201014 23:59:50.831" endtime="20201014 23:59:52.787"></status>
</kw>
<status status="PASS" starttime="20201014 23:59:50.831" endtime="20201014 23:59:52.787"></status>
</kw>
<kw name="Charger la Page Du Produit" library="amazonApp">
<kw name="Wait Until Page Contains" library="SeleniumLibrary">
<doc>Waits until ``text`` appears on the current page.</doc>
<arguments>
<arg>Back to results</arg>
</arguments>
<status status="PASS" starttime="20201014 23:59:52.788" endtime="20201014 23:59:52.896"></status>
</kw>
<status status="PASS" starttime="20201014 23:59:52.788" endtime="20201014 23:59:52.896"></status>
</kw>
<kw name="Ajouter Au Panier" library="amazonApp">
<kw name="Click Link" library="SeleniumLibrary">
<doc>Clicks a link identified by ``locator``.</doc>
<arguments>
<arg>Join Prime</arg>
</arguments>
<msg timestamp="20201014 23:59:52.898" level="INFO">Clicking link 'Join Prime'.</msg>
<status status="PASS" starttime="20201014 23:59:52.897" endtime="20201014 23:59:54.158"></status>
</kw>
<kw name="Wait Until Page Contains" library="SeleniumLibrary">
<doc>Waits until ``text`` appears on the current page.</doc>
<arguments>
<arg>Sign-In</arg>
</arguments>
<status status="PASS" starttime="20201014 23:59:54.159" endtime="20201014 23:59:54.178"></status>
</kw>
<status status="PASS" starttime="20201014 23:59:52.897" endtime="20201014 23:59:54.178"></status>
</kw>
<kw name="Terminer Test" library="common" type="teardown">
<kw name="Close Browser" library="SeleniumLibrary">
<doc>Closes the current browser.</doc>
<status status="PASS" starttime="20201014 23:59:54.179" endtime="20201014 23:59:56.412"></status>
</kw>
<status status="PASS" starttime="20201014 23:59:54.178" endtime="20201014 23:59:56.413"></status>
</kw>
<doc>Scenario de recherche du produit et ajout au panier</doc>
<tags>
<tag>Smoke2</tag>
</tags>
<status status="PASS" starttime="20201014 23:59:38.805" endtime="20201014 23:59:56.415" critical="yes"></status>
</test>
<doc>Parcours d'ajout du produit au panier</doc>
<status status="PASS" starttime="20201014 23:59:38.547" endtime="20201014 23:59:56.424"></status>
</suite>
<status status="PASS" starttime="20201014 23:59:38.513" endtime="20201014 23:59:56.438"></status>
</suite>
<statistics>
<total>
<stat pass="1" fail="0">Critical Tests</stat>
<stat pass="1" fail="0">All Tests</stat>
</total>
<tag>
<stat pass="1" fail="0">Smoke2</stat>
</tag>
<suite>
<stat pass="1" fail="0" id="s1" name="Tests">Tests</stat>
<stat pass="1" fail="0" id="s1-s1" name="Main">Tests.Main</stat>
</suite>
</statistics>
<errors>
</errors>
</robot>
